2025-09-07 14:12:26.146 +02:00 [INF] User profile is available. Using 'C:\Users\Basti\AppData\Local\ASP.NET\DataProtection-Keys' as key repository and Windows DPAPI to encrypt keys at rest.
2025-09-07 14:12:26.253 +02:00 [WRN] The ASP.NET Core developer certificate is not trusted. For information about trusting the ASP.NET Core developer certificate, see https://aka.ms/aspnet/https-trust-dev-cert.
2025-09-07 14:12:26.271 +02:00 [INF] Now listening on: https://localhost:7086
2025-09-07 14:12:26.272 +02:00 [INF] Now listening on: http://localhost:5139
2025-09-07 14:12:26.274 +02:00 [INF] Application started. Press Ctrl+C to shut down.
2025-09-07 14:12:26.275 +02:00 [INF] Hosting environment: Development
2025-09-07 14:12:26.275 +02:00 [INF] Content root path: C:\Users\Basti\GameDev\NZWalks\NZWalks\NZWalks.API
2025-09-07 14:12:26.429 +02:00 [INF] Request starting HTTP/2 GET https://localhost:7086/swagger - null null
2025-09-07 14:12:26.460 +02:00 [INF] Request finished HTTP/2 GET https://localhost:7086/swagger - 301 0 null 31.9738ms
2025-09-07 14:12:26.467 +02:00 [INF] Request starting HTTP/2 GET https://localhost:7086/swagger/index.html - null null
2025-09-07 14:12:26.547 +02:00 [INF] Request finished HTTP/2 GET https://localhost:7086/swagger/index.html - 200 null text/html;charset=utf-8 79.9202ms
2025-09-07 14:12:26.568 +02:00 [INF] Request starting HTTP/2 GET https://localhost:7086/swagger/swagger-ui.css - null null
2025-09-07 14:12:26.570 +02:00 [INF] Request starting HTTP/2 GET https://localhost:7086/swagger/swagger-ui-bundle.js - null null
2025-09-07 14:12:26.570 +02:00 [INF] Request starting HTTP/2 GET https://localhost:7086/swagger/swagger-ui-standalone-preset.js - null null
2025-09-07 14:12:26.581 +02:00 [INF] Sending file. Request path: '/swagger-ui-standalone-preset.js'. Physical path: 'N/A'
2025-09-07 14:12:26.581 +02:00 [INF] Sending file. Request path: '/swagger-ui-bundle.js'. Physical path: 'N/A'
2025-09-07 14:12:26.581 +02:00 [INF] Sending file. Request path: '/swagger-ui.css'. Physical path: 'N/A'
2025-09-07 14:12:26.582 +02:00 [INF] Request finished HTTP/2 GET https://localhost:7086/swagger/swagger-ui-standalone-preset.js - 200 339486 text/javascript 12.6437ms
2025-09-07 14:12:26.583 +02:00 [INF] Request finished HTTP/2 GET https://localhost:7086/swagger/swagger-ui-bundle.js - 200 1096145 text/javascript 13.295ms
2025-09-07 14:12:26.584 +02:00 [INF] Request finished HTTP/2 GET https://localhost:7086/swagger/swagger-ui.css - 200 143943 text/css 15.1902ms
2025-09-07 14:12:26.718 +02:00 [INF] Request starting HTTP/2 GET https://localhost:7086/swagger/v1/swagger.json - null null
2025-09-07 14:12:26.801 +02:00 [INF] Request finished HTTP/2 GET https://localhost:7086/swagger/v1/swagger.json - 200 null application/json;charset=utf-8 82.8281ms
2025-09-07 14:12:30.647 +02:00 [INF] Request starting HTTP/2 GET https://localhost:7086/api/Regions - null null
2025-09-07 14:12:30.665 +02:00 [INF] Executing endpoint 'NZWalks.API.Controllers.RegionsController.GetAllRegions (NZWalks.API)'
2025-09-07 14:12:30.677 +02:00 [INF] Route matched with {action = "GetAllRegions", controller = "Regions"}. Executing controller action with signature System.Threading.Tasks.Task`1[Microsoft.AspNetCore.Mvc.IActionResult] GetAllRegions() on controller NZWalks.API.Controllers.RegionsController (NZWalks.API).
2025-09-07 14:12:30.800 +02:00 [WRN] You do not have a valid license key for the Lucky Penny software AutoMapper. This is allowed for development and testing scenarios. If you are running in production you are required to have a licensed version. Please visit https://luckypennysoftware.com to obtain a valid license.
2025-09-07 14:12:30.807 +02:00 [INF] Executing action method NZWalks.API.Controllers.RegionsController.GetAllRegions (NZWalks.API) - Validation state: "Valid"
2025-09-07 14:12:30.808 +02:00 [INF] GetAllRegions was invoked
2025-09-07 14:12:31.517 +02:00 [INF] Executed DbCommand (21ms) [Parameters=[], CommandType='"Text"', CommandTimeout='30']
SELECT [r].[Id], [r].[Code], [r].[Name], [r].[RegionImageUrl]
FROM [Regions] AS [r]
2025-09-07 14:12:31.567 +02:00 [INF] Finished with request data: [{"Id":"906cb139-415a-4bbb-a174-1a1faf9fb1f6","Name":"Nelson","Code":"NSN","RegionImageUrl":"https://images.pexels.com/photos/13918194/pexels-photo-13918194.jpeg?auto=compress\u0026cs=tinysrgb\u0026w=1260\u0026h=750\u0026dpr=1"},{"Id":"f7248fc3-2585-4efb-8d1d-1c555f4087f6","Name":"Auckland","Code":"AKL","RegionImageUrl":"https://images.pexels.com/photos/5169056/pexels-photo-5169056.jpeg?auto=compress\u0026cs=tinysrgb\u0026w=1260\u0026h=750\u0026dpr=1"},{"Id":"14ceba71-4b51-4777-9b17-46602cf66153","Name":"Bay Of Plenty","Code":"BOP","RegionImageUrl":null},{"Id":"6884f7d7-ad1f-4101-8df3-7a6fa7387d81","Name":"Northland","Code":"NTL","RegionImageUrl":null},{"Id":"f077a22e-4248-4bf6-b564-c7cf4e250263","Name":"Southland","Code":"STL","RegionImageUrl":null},{"Id":"cfa06ed2-bf65-4b65-93ed-c9d286ddb0de","Name":"Wellington","Code":"WGN","RegionImageUrl":"https://images.pexels.com/photos/4350631/pexels-photo-4350631.jpeg?auto=compress\u0026cs=tinysrgb\u0026w=1260\u0026h=750\u0026dpr=1"}]
2025-09-07 14:12:31.580 +02:00 [INF] Executed action method NZWalks.API.Controllers.RegionsController.GetAllRegions (NZWalks.API), returned result Microsoft.AspNetCore.Mvc.OkObjectResult in 769.8719ms.
2025-09-07 14:12:31.585 +02:00 [INF] Executing OkObjectResult, writing value of type 'System.Collections.Generic.List`1[[NZWalks.API.Models.DTO.RegionDto, NZWalks.API, Version=1.0.0.0, Culture=neutral, PublicKeyToken=null]]'.
2025-09-07 14:12:31.593 +02:00 [INF] Executed action NZWalks.API.Controllers.RegionsController.GetAllRegions (NZWalks.API) in 912.1341ms
2025-09-07 14:12:31.594 +02:00 [INF] Executed endpoint 'NZWalks.API.Controllers.RegionsController.GetAllRegions (NZWalks.API)'
2025-09-07 14:12:31.601 +02:00 [INF] Request finished HTTP/2 GET https://localhost:7086/api/Regions - 200 null application/json; charset=utf-8 953.9255ms
